<?xml version="1.0" encoding="UTF-8"?>
<!-- Generated by org.testng.reporters.JUnitReportReporter -->
<testsuite ignored="0" hostname="Karan-Lenovo" failures="0" tests="1" name="runner.Run1" time="7.455" errors="0" timestamp="25 Aug 2021 04:02:41 GMT" skipped="0">
  <testcase classname="runner.Run1" name="runScenario" time="7.455"/>
</testsuite> <!-- runner.Run1 -->
