<?xml version="1.0" encoding="UTF-8"?>
<!-- Generated by org.testng.reporters.JUnitReportReporter -->
<testsuite ignored="0" hostname="Karan-Lenovo" failures="0" tests="2" name="extentreports.ExtentReport" time="29.428" errors="0" timestamp="23 Aug 2021 11:17:46 GMT" skipped="0">
  <testcase classname="extentreports.ExtentReport" name="loginhcl" time="21.581"/>
  <testcase classname="extentreports.ExtentReport" name="search" time="7.847"/>
</testsuite> <!-- extentreports.ExtentReport -->
