<?xml version="1.0" encoding="UTF-8"?>
<!-- Generated by org.testng.reporters.JUnitReportReporter -->
<testsuite ignored="0" hostname="Karan-Lenovo" failures="0" tests="1" name="excelreading.xls" time="60.443" errors="0" timestamp="17 Aug 2021 05:39:05 GMT" skipped="0">
  <testcase classname="excelreading.xls" name="f" time="60.443"/>
</testsuite> <!-- excelreading.xls -->
