<?xml version="1.0" encoding="UTF-8"?>
<!-- Generated by org.testng.reporters.JUnitReportReporter -->
<testsuite ignored="0" hostname="Karan-Lenovo" failures="0" tests="1" name="workingonexcel.configproperties" time="12.908" errors="0" timestamp="18 Aug 2021 07:33:43 GMT" skipped="0">
  <testcase classname="workingonexcel.configproperties" name="f" time="12.908"/>
</testsuite> <!-- workingonexcel.configproperties -->
