<?xml version="1.0" encoding="UTF-8"?>
<!-- Generated by org.testng.reporters.JUnitReportReporter -->
<testsuite ignored="0" hostname="Karan-Lenovo" failures="0" tests="1" name="excelreading.poi" time="62.610" errors="0" timestamp="29 Aug 2021 06:04:45 GMT" skipped="0">
  <testcase classname="excelreading.poi" name="f" time="62.610"/>
</testsuite> <!-- excelreading.poi -->
