<?xml version="1.0" encoding="UTF-8"?>
<!-- Generated by org.testng.reporters.JUnitReportReporter -->
<testsuite ignored="0" hostname="Karan-Lenovo" failures="0" tests="2" name="listeners.itimeusinglisteners" time="41.363" errors="0" timestamp="22 Aug 2021 02:32:08 GMT" skipped="0">
  <testcase classname="listeners.itimeusinglisteners" name="loginhcl" time="31.652"/>
  <testcase classname="listeners.itimeusinglisteners" name="search" time="9.711"/>
</testsuite> <!-- listeners.itimeusinglisteners -->
