<?xml version="1.0" encoding="UTF-8"?>
<!-- Generated by org.testng.reporters.JUnitReportReporter -->
<testsuite ignored="0" hostname="Karan-Lenovo" failures="0" tests="1" name="tooltip.byattributes" time="18.934" errors="0" timestamp="18 Aug 2021 13:12:59 GMT" skipped="0">
  <testcase classname="tooltip.byattributes" name="f" time="18.934"/>
</testsuite> <!-- tooltip.byattributes -->
