<?xml version="1.0" encoding="UTF-8"?>
<!-- Generated by org.testng.reporters.JUnitReportReporter -->
<testsuite ignored="0" hostname="Karan-Lenovo" failures="0" tests="1" name="tooltip.advanceduserinteraction" time="5.343" errors="0" timestamp="18 Aug 2021 19:20:26 GMT" skipped="0">
  <testcase classname="tooltip.advanceduserinteraction" name="f" time="5.343"/>
</testsuite> <!-- tooltip.advanceduserinteraction -->
