<?xml version="1.0" encoding="UTF-8"?>
<!-- Generated by org.testng.reporters.JUnitReportReporter -->
<testsuite ignored="0" hostname="Karan-Lenovo" failures="0" tests="1" name="excelreading.poiconfig" time="56.266" errors="0" timestamp="18 Aug 2021 07:36:09 GMT" skipped="0">
  <testcase classname="excelreading.poiconfig" name="f" time="56.266"/>
</testsuite> <!-- excelreading.poiconfig -->
