<?xml version="1.0" encoding="UTF-8"?>
<!-- Generated by org.testng.reporters.JUnitReportReporter -->
<testsuite ignored="0" hostname="Karan-Lenovo" failures="0" tests="1" name="DOCUMENT.upload" time="12.731" errors="0" timestamp="17 Aug 2021 06:55:40 GMT" skipped="0">
  <testcase classname="DOCUMENT.upload" name="f" time="12.731"/>
</testsuite> <!-- DOCUMENT.upload -->
