<?xml version="1.0" encoding="UTF-8"?>
<!-- Generated by org.testng.reporters.JUnitReportReporter -->
<testsuite ignored="0" hostname="Karan-Lenovo" failures="0" tests="1" name="cookies.Cookiesdata" time="23.997" errors="0" timestamp="24 Aug 2021 07:39:32 GMT" skipped="0">
  <testcase classname="cookies.Cookiesdata" name="f" time="23.997"/>
</testsuite> <!-- cookies.Cookiesdata -->
